<?xml version="1.0" encoding="UTF-8"?>
<!-- Generated by org.testng.reporters.JUnitReportReporter -->
<testsuite hostname="Admin-PC" failures="0" tests="1" name="Selenium_TestNG.InheritanceEx_In_TestNG" time="0.003" errors="0" timestamp="2022-07-25T00:54:50 IST" skipped="0">
  <testcase classname="Selenium_TestNG.InheritanceEx_In_TestNG" name="testCase1" time="0.003"/>
  <system-out>
    <![CDATA[testCase1]]>
  </system-out>
</testsuite> <!-- Selenium_TestNG.InheritanceEx_In_TestNG -->
