<?xml version="1.0" encoding="UTF-8"?>
<!-- Generated by org.testng.reporters.JUnitReportReporter -->
<testsuite hostname="DESKTOP-B3ICOIK" failures="0" tests="3" name="TestNG.Demo4" time="0.042" errors="0" timestamp="2023-06-15T02:28:49 IST" skipped="0">
  <testcase classname="TestNG.Demo4" name="deleteTestCase3" time="0.028">
    <system-out>
      <![CDATA[DeleteTestCase-3]]>
    </system-out>
  </testcase> <!-- deleteTestCase3 -->
  <testcase classname="TestNG.Demo4" name="createTestCase1" time="0.006">
    <system-out>
      <![CDATA[CreateTestCase-1]]>
    </system-out>
  </testcase> <!-- createTestCase1 -->
  <testcase classname="TestNG.Demo4" name="editTestCase2" time="0.008">
    <system-out>
      <![CDATA[EditTestCase-2]]>
    </system-out>
  </testcase> <!-- editTestCase2 -->
  <system-out>
    <![CDATA[DeleteTestCase-3
CreateTestCase-1
EditTestCase-2]]>
  </system-out>
</testsuite> <!-- TestNG.Demo4 -->
