<?xml version="1.0" encoding="UTF-8"?>
<!-- Generated by org.testng.reporters.JUnitReportReporter -->
<testsuite hostname="DESKTOP-B3ICOIK" failures="0" tests="3" name="TestNG.Demo1" time="0.038" errors="0" timestamp="2023-06-15T02:26:55 IST" skipped="0">
  <testcase classname="TestNG.Demo1" name="testCase1" time="0.027">
    <system-out>
      <![CDATA[TestCase-1]]>
    </system-out>
  </testcase> <!-- testCase1 -->
  <testcase classname="TestNG.Demo1" name="testCase2" time="0.006">
    <system-out>
      <![CDATA[TestCase-2]]>
    </system-out>
  </testcase> <!-- testCase2 -->
  <testcase classname="TestNG.Demo1" name="testCase3" time="0.005">
    <system-out>
      <![CDATA[TestCase-3]]>
    </system-out>
  </testcase> <!-- testCase3 -->
  <system-out>
    <![CDATA[TestCase-1
TestCase-2
TestCase-3]]>
  </system-out>
</testsuite> <!-- TestNG.Demo1 -->
