<?xml version="1.0" encoding="UTF-8"?>
<!-- Generated by org.testng.reporters.JUnitReportReporter -->
<testsuite hostname="Admin-PC" failures="0" tests="3" name="Selenium_TestNG.Inheritance_In_TestNG" time="0.073" errors="0" timestamp="2022-07-25T00:54:50 IST" skipped="0">
  <testcase classname="Selenium_TestNG.Inheritance_In_TestNG" name="editTestCase2" time="0.001"/>
  <system-out>
    <![CDATA[EditTestCase-2]]>
  </system-out>
  <testcase classname="Selenium_TestNG.Inheritance_In_TestNG" name="deleteTestCase3" time="0.003"/>
  <system-out>
    <![CDATA[DeleteTestCase-3]]>
  </system-out>
  <testcase classname="Selenium_TestNG.Inheritance_In_TestNG" name="createTestCase1" time="0.069"/>
  <system-out>
    <![CDATA[CreateTestCase-1]]>
  </system-out>
</testsuite> <!-- Selenium_TestNG.Inheritance_In_TestNG -->
