<?xml version="1.0" encoding="UTF-8"?>
<!-- Generated by org.testng.reporters.JUnitReportReporter -->
<testsuite hostname="DESKTOP-B3ICOIK" failures="0" tests="3" name="TestNG.Demo2" time="0.043" errors="0" timestamp="2023-06-15T02:27:43 IST" skipped="0">
  <testcase classname="TestNG.Demo2" name="createTestCase1" time="0.029">
    <system-out>
      <![CDATA[CreateTestCase-1]]>
    </system-out>
  </testcase> <!-- createTestCase1 -->
  <testcase classname="TestNG.Demo2" name="deleteTestCase3" time="0.007">
    <system-out>
      <![CDATA[DeleteTestCase-3]]>
    </system-out>
  </testcase> <!-- deleteTestCase3 -->
  <testcase classname="TestNG.Demo2" name="editTestCase2" time="0.007">
    <system-out>
      <![CDATA[EditTestCase-2]]>
    </system-out>
  </testcase> <!-- editTestCase2 -->
  <system-out>
    <![CDATA[CreateTestCase-1
DeleteTestCase-3
EditTestCase-2]]>
  </system-out>
</testsuite> <!-- TestNG.Demo2 -->
