<?xml version="1.0" encoding="UTF-8"?>
<!-- Generated by org.testng.reporters.JUnitReportReporter -->
<testsuite hostname="Admin-PC" failures="0" tests="3" name="Selenium_TestNG.Demo1" time="0.003" errors="0" timestamp="2022-07-25T00:54:50 IST" skipped="0">
  <testcase classname="Selenium_TestNG.Demo1" name="testCase2" time="0.001"/>
  <system-out>
    <![CDATA[TestCase-2]]>
  </system-out>
  <testcase classname="Selenium_TestNG.Demo1" name="testCase3" time="0.001"/>
  <system-out>
    <![CDATA[TestCase-3]]>
  </system-out>
  <testcase classname="Selenium_TestNG.Demo1" name="testCase1" time="0.001"/>
  <system-out>
    <![CDATA[TestCase-1]]>
  </system-out>
</testsuite> <!-- Selenium_TestNG.Demo1 -->
