<?xml version="1.0" encoding="UTF-8"?>
<!-- Generated by org.testng.reporters.JUnitReportReporter -->
<testsuite hostname="DESKTOP-B3ICOIK" failures="0" tests="3" name="TestNG.Demo7" time="0.029" errors="0" timestamp="2023-06-15T02:30:39 IST" skipped="2">
  <testcase classname="TestNG.Demo7" name="editTestCase2" time="0.029">
    <system-out>
      <![CDATA[EditTestCase-2]]>
    </system-out>
  </testcase> <!-- editTestCase2 -->
  <testcase classname="TestNG.Demo7" name="deleteTestCase3">
    <skipped/>
  </testcase> <!-- deleteTestCase3 -->
  <testcase classname="TestNG.Demo7" name="createTestCase1">
    <skipped/>
  </testcase> <!-- createTestCase1 -->
  <system-out>
    <![CDATA[EditTestCase-2]]>
  </system-out>
</testsuite> <!-- TestNG.Demo7 -->
