<?xml version="1.0" encoding="UTF-8"?>
<!-- Generated by org.testng.reporters.JUnitReportReporter -->
<testsuite hostname="DESKTOP-B3ICOIK" failures="0" tests="2" name="TestNG.Demo6" time="0.037" errors="0" timestamp="2023-06-15T02:30:21 IST" skipped="0">
  <testcase classname="TestNG.Demo6" name="createTestCase1" time="0.031">
    <system-out>
      <![CDATA[CreateTestCase-1]]>
    </system-out>
  </testcase> <!-- createTestCase1 -->
  <testcase classname="TestNG.Demo6" name="deleteTestCase3" time="0.006">
    <system-out>
      <![CDATA[DeleteTestCase-3]]>
    </system-out>
  </testcase> <!-- deleteTestCase3 -->
  <system-out>
    <![CDATA[CreateTestCase-1
DeleteTestCase-3]]>
  </system-out>
</testsuite> <!-- TestNG.Demo6 -->
