<?xml version="1.0" encoding="UTF-8"?>
<!-- Generated by org.testng.reporters.JUnitReportReporter -->
<testsuite hostname="DESKTOP-B3ICOIK" failures="0" tests="3" name="TestNG.Inheritance_In_TestNG" time="0.048" errors="0" timestamp="2023-06-15T02:24:30 IST" skipped="0">
  <testcase classname="TestNG.Inheritance_In_TestNG" name="createTestCase1" time="0.026">
    <system-out>
      <![CDATA[CreateTestCase-1]]>
    </system-out>
  </testcase> <!-- createTestCase1 -->
  <testcase classname="TestNG.Inheritance_In_TestNG" name="editTestCase2" time="0.013">
    <system-out>
      <![CDATA[EditTestCase-2]]>
    </system-out>
  </testcase> <!-- editTestCase2 -->
  <testcase classname="TestNG.Inheritance_In_TestNG" name="deleteTestCase3" time="0.009">
    <system-out>
      <![CDATA[DeleteTestCase-3]]>
    </system-out>
  </testcase> <!-- deleteTestCase3 -->
  <system-out>
    <![CDATA[@BeforeSuite
OpenApp
Login
CreateTestCase-1
logout
Login
DeleteTestCase-3
logout
Login
EditTestCase-2
logout
CloseApp
@AfterSuite]]>
  </system-out>
</testsuite> <!-- TestNG.Inheritance_In_TestNG -->
