<?xml version="1.0" encoding="UTF-8"?>
<!-- Generated by org.testng.reporters.JUnitReportReporter -->
<testsuite hostname="DESKTOP-B3ICOIK" failures="0" tests="3" name="TestNG.Demo11" time="0.043" errors="0" timestamp="2023-06-15T02:36:05 IST" skipped="0">
  <testcase classname="TestNG.Demo11" name="loginCreateTestCase1" time="0.031">
    <system-out>
      <![CDATA[LoginCreateTestCase-1]]>
    </system-out>
  </testcase> <!-- loginCreateTestCase1 -->
  <testcase classname="TestNG.Demo11" name="composeEditTestCase2" time="0.006">
    <system-out>
      <![CDATA[ComposeEditTestCase-2]]>
    </system-out>
  </testcase> <!-- composeEditTestCase2 -->
  <testcase classname="TestNG.Demo11" name="sentMailDeleteTestCase3" time="0.006">
    <system-out>
      <![CDATA[SentmailDeleteTestCase-3]]>
    </system-out>
  </testcase> <!-- sentMailDeleteTestCase3 -->
  <system-out>
    <![CDATA[LoginCreateTestCase-1
ComposeEditTestCase-2
SentmailDeleteTestCase-3]]>
  </system-out>
</testsuite> <!-- TestNG.Demo11 -->
