<?xml version="1.0" encoding="UTF-8"?>
<!-- Generated by org.testng.reporters.JUnitReportReporter -->
<testsuite hostname="DESKTOP-B3ICOIK" failures="0" tests="3" name="TestNG.TestNG_AnnotationEx1" time="0.053" errors="0" timestamp="2023-06-15T02:21:04 IST" skipped="0">
  <testcase classname="TestNG.TestNG_AnnotationEx1" name="testCase2" time="0.012">
    <system-out>
      <![CDATA[TestCase-2]]>
    </system-out>
  </testcase> <!-- testCase2 -->
  <testcase classname="TestNG.TestNG_AnnotationEx1" name="testCase1" time="0.028">
    <system-out>
      <![CDATA[TestCase-1]]>
    </system-out>
  </testcase> <!-- testCase1 -->
  <testcase classname="TestNG.TestNG_AnnotationEx1" name="testCase3" time="0.013">
    <system-out>
      <![CDATA[TestCase-3]]>
    </system-out>
  </testcase> <!-- testCase3 -->
  <system-out>
    <![CDATA[OpenApp
Login
TestCase-1
logout
Login
TestCase-2
logout
Login
TestCase-3
logout
CloseApp]]>
  </system-out>
</testsuite> <!-- TestNG.TestNG_AnnotationEx1 -->
