<?xml version="1.0" encoding="UTF-8"?>
<!-- Generated by org.testng.reporters.JUnitReportReporter -->
<testsuite hostname="DESKTOP-B3ICOIK" failures="0" tests="3" name="TestNG.TestNG_AnnotationEx2" time="0.044" errors="0" timestamp="2023-06-15T02:22:05 IST" skipped="0">
  <testcase classname="TestNG.TestNG_AnnotationEx2" name="deleteTestCase3" time="0.013">
    <system-out>
      <![CDATA[DeleteTestCase-3]]>
    </system-out>
  </testcase> <!-- deleteTestCase3 -->
  <testcase classname="TestNG.TestNG_AnnotationEx2" name="createTestCase1" time="0.020">
    <system-out>
      <![CDATA[CreateTestCase-1]]>
    </system-out>
  </testcase> <!-- createTestCase1 -->
  <testcase classname="TestNG.TestNG_AnnotationEx2" name="editTestCase2" time="0.011">
    <system-out>
      <![CDATA[EditTestCase-2]]>
    </system-out>
  </testcase> <!-- editTestCase2 -->
  <system-out>
    <![CDATA[OpenApp
Login
CreateTestCase-1
logout
Login
DeleteTestCase-3
logout
Login
EditTestCase-2
logout
CloseApp]]>
  </system-out>
</testsuite> <!-- TestNG.TestNG_AnnotationEx2 -->
