<?xml version="1.0" encoding="UTF-8"?>
<!-- Generated by org.testng.reporters.JUnitReportReporter -->
<testsuite hostname="DESKTOP-B3ICOIK" failures="0" tests="1" name="TestNG.InheritanceEx_In_TestNG" time="0.034" errors="0" timestamp="2023-06-15T02:26:10 IST" skipped="0">
  <testcase classname="TestNG.InheritanceEx_In_TestNG" name="testCase1" time="0.034">
    <system-out>
      <![CDATA[testCase1]]>
    </system-out>
  </testcase> <!-- testCase1 -->
  <system-out>
    <![CDATA[@BeforeSuite
@BeforeTest
BeforeClass
@BeforeMethod
testCase1
@AfterMethod
@AfterClass
@AfterTest
@Aftersuite]]>
  </system-out>
</testsuite> <!-- TestNG.InheritanceEx_In_TestNG -->
