<?xml version="1.0" encoding="UTF-8"?>
<!-- Generated by org.testng.reporters.JUnitReportReporter -->
<testsuite hostname="Admin-PC" failures="0" tests="3" name="Selenium_TestNG.Demo11" time="0.041" errors="0" timestamp="2022-07-25T00:54:50 IST" skipped="0">
  <testcase classname="Selenium_TestNG.Demo11" name="loginCreateTestCase1" time="0.002"/>
  <system-out>
    <![CDATA[LoginCreateTestCase-1]]>
  </system-out>
  <testcase classname="Selenium_TestNG.Demo11" name="composeEditTestCase2" time="0.038"/>
  <system-out>
    <![CDATA[ComposeEditTestCase-2]]>
  </system-out>
  <testcase classname="Selenium_TestNG.Demo11" name="sentMailDeleteTestCase3" time="0.001"/>
  <system-out>
    <![CDATA[SentmailDeleteTestCase-3]]>
  </system-out>
</testsuite> <!-- Selenium_TestNG.Demo11 -->
