<?xml version="1.0" encoding="UTF-8"?>
<!-- Generated by org.testng.reporters.JUnitReportReporter -->
<testsuite hostname="DESKTOP-B3ICOIK" failures="0" tests="170" name="TestNG.Demo8" time="0.878" errors="0" timestamp="2023-06-15T02:31:05 IST" skipped="0">
  <testcase classname="TestNG.Demo8" name="createTestCase1" time="0.015">
    <system-out>
      <![CDATA[CreateTestCase-1]]>
    </system-out>
  </testcase> <!-- createTestCase1 -->
  <testcase classname="TestNG.Demo8" name="createTestCase1" time="0.003">
    <system-out>
      <![CDATA[CreateTestCase-1]]>
    </system-out>
  </testcase> <!-- createTestCase1 -->
  <testcase classname="TestNG.Demo8" name="createTestCase1" time="0.005">
    <system-out>
      <![CDATA[CreateTestCase-1]]>
    </system-out>
  </testcase> <!-- createTestCase1 -->
  <testcase classname="TestNG.Demo8" name="createTestCase1" time="0.010">
    <system-out>
      <![CDATA[CreateTestCase-1]]>
    </system-out>
  </testcase> <!-- createTestCase1 -->
  <testcase classname="TestNG.Demo8" name="createTestCase1" time="0.005">
    <system-out>
      <![CDATA[CreateTestCase-1]]>
    </system-out>
  </testcase> <!-- createTestCase1 -->
  <testcase classname="TestNG.Demo8" name="createTestCase1" time="0.005">
    <system-out>
      <![CDATA[CreateTestCase-1]]>
    </system-out>
  </testcase> <!-- createTestCase1 -->
  <testcase classname="TestNG.Demo8" name="createTestCase1" time="0.002">
    <system-out>
      <![CDATA[CreateTestCase-1]]>
    </system-out>
  </testcase> <!-- createTestCase1 -->
  <testcase classname="TestNG.Demo8" name="createTestCase1" time="0.004">
    <system-out>
      <![CDATA[CreateTestCase-1]]>
    </system-out>
  </testcase> <!-- createTestCase1 -->
  <testcase classname="TestNG.Demo8" name="createTestCase1" time="0.002">
    <system-out>
      <![CDATA[CreateTestCase-1]]>
    </system-out>
  </testcase> <!-- createTestCase1 -->
  <testcase classname="TestNG.Demo8" name="createTestCase1" time="0.002">
    <system-out>
      <![CDATA[CreateTestCase-1]]>
    </system-out>
  </testcase> <!-- createTestCase1 -->
  <testcase classname="TestNG.Demo8" name="createTestCase1" time="0.016">
    <system-out>
      <![CDATA[CreateTestCase-1]]>
    </system-out>
  </testcase> <!-- createTestCase1 -->
  <testcase classname="TestNG.Demo8" name="createTestCase1" time="0.003">
    <system-out>
      <![CDATA[CreateTestCase-1]]>
    </system-out>
  </testcase> <!-- createTestCase1 -->
  <testcase classname="TestNG.Demo8" name="createTestCase1" time="0.004">
    <system-out>
      <![CDATA[CreateTestCase-1]]>
    </system-out>
  </testcase> <!-- createTestCase1 -->
  <testcase classname="TestNG.Demo8" name="createTestCase1" time="0.009">
    <system-out>
      <![CDATA[CreateTestCase-1]]>
    </system-out>
  </testcase> <!-- createTestCase1 -->
  <testcase classname="TestNG.Demo8" name="createTestCase1" time="0.004">
    <system-out>
      <![CDATA[CreateTestCase-1]]>
    </system-out>
  </testcase> <!-- createTestCase1 -->
  <testcase classname="TestNG.Demo8" name="createTestCase1" time="0.009">
    <system-out>
      <![CDATA[CreateTestCase-1]]>
    </system-out>
  </testcase> <!-- createTestCase1 -->
  <testcase classname="TestNG.Demo8" name="createTestCase1" time="0.002">
    <system-out>
      <![CDATA[CreateTestCase-1]]>
    </system-out>
  </testcase> <!-- createTestCase1 -->
  <testcase classname="TestNG.Demo8" name="createTestCase1" time="0.003">
    <system-out>
      <![CDATA[CreateTestCase-1]]>
    </system-out>
  </testcase> <!-- createTestCase1 -->
  <testcase classname="TestNG.Demo8" name="createTestCase1" time="0.004">
    <system-out>
      <![CDATA[CreateTestCase-1]]>
    </system-out>
  </testcase> <!-- createTestCase1 -->
  <testcase classname="TestNG.Demo8" name="createTestCase1" time="0.022">
    <system-out>
      <![CDATA[CreateTestCase-1]]>
    </system-out>
  </testcase> <!-- createTestCase1 -->
  <testcase classname="TestNG.Demo8" name="createTestCase1" time="0.007">
    <system-out>
      <![CDATA[CreateTestCase-1]]>
    </system-out>
  </testcase> <!-- createTestCase1 -->
  <testcase classname="TestNG.Demo8" name="createTestCase1" time="0.006">
    <system-out>
      <![CDATA[CreateTestCase-1]]>
    </system-out>
  </testcase> <!-- createTestCase1 -->
  <testcase classname="TestNG.Demo8" name="createTestCase1" time="0.003">
    <system-out>
      <![CDATA[CreateTestCase-1]]>
    </system-out>
  </testcase> <!-- createTestCase1 -->
  <testcase classname="TestNG.Demo8" name="createTestCase1" time="0.006">
    <system-out>
      <![CDATA[CreateTestCase-1]]>
    </system-out>
  </testcase> <!-- createTestCase1 -->
  <testcase classname="TestNG.Demo8" name="createTestCase1" time="0.006">
    <system-out>
      <![CDATA[CreateTestCase-1]]>
    </system-out>
  </testcase> <!-- createTestCase1 -->
  <testcase classname="TestNG.Demo8" name="createTestCase1" time="0.003">
    <system-out>
      <![CDATA[CreateTestCase-1]]>
    </system-out>
  </testcase> <!-- createTestCase1 -->
  <testcase classname="TestNG.Demo8" name="createTestCase1" time="0.005">
    <system-out>
      <![CDATA[CreateTestCase-1]]>
    </system-out>
  </testcase> <!-- createTestCase1 -->
  <testcase classname="TestNG.Demo8" name="createTestCase1" time="0.012">
    <system-out>
      <![CDATA[CreateTestCase-1]]>
    </system-out>
  </testcase> <!-- createTestCase1 -->
  <testcase classname="TestNG.Demo8" name="createTestCase1" time="0.010">
    <system-out>
      <![CDATA[CreateTestCase-1]]>
    </system-out>
  </testcase> <!-- createTestCase1 -->
  <testcase classname="TestNG.Demo8" name="createTestCase1" time="0.035">
    <system-out>
      <![CDATA[CreateTestCase-1]]>
    </system-out>
  </testcase> <!-- createTestCase1 -->
  <testcase classname="TestNG.Demo8" name="createTestCase1" time="0.001">
    <system-out>
      <![CDATA[CreateTestCase-1]]>
    </system-out>
  </testcase> <!-- createTestCase1 -->
  <testcase classname="TestNG.Demo8" name="createTestCase1" time="0.006">
    <system-out>
      <![CDATA[CreateTestCase-1]]>
    </system-out>
  </testcase> <!-- createTestCase1 -->
  <testcase classname="TestNG.Demo8" name="createTestCase1" time="0.007">
    <system-out>
      <![CDATA[CreateTestCase-1]]>
    </system-out>
  </testcase> <!-- createTestCase1 -->
  <testcase classname="TestNG.Demo8" name="createTestCase1" time="0.005">
    <system-out>
      <![CDATA[CreateTestCase-1]]>
    </system-out>
  </testcase> <!-- createTestCase1 -->
  <testcase classname="TestNG.Demo8" name="createTestCase1" time="0.003">
    <system-out>
      <![CDATA[CreateTestCase-1]]>
    </system-out>
  </testcase> <!-- createTestCase1 -->
  <testcase classname="TestNG.Demo8" name="createTestCase1" time="0.005">
    <system-out>
      <![CDATA[CreateTestCase-1]]>
    </system-out>
  </testcase> <!-- createTestCase1 -->
  <testcase classname="TestNG.Demo8" name="createTestCase1" time="0.008">
    <system-out>
      <![CDATA[CreateTestCase-1]]>
    </system-out>
  </testcase> <!-- createTestCase1 -->
  <testcase classname="TestNG.Demo8" name="createTestCase1" time="0.008">
    <system-out>
      <![CDATA[CreateTestCase-1]]>
    </system-out>
  </testcase> <!-- createTestCase1 -->
  <testcase classname="TestNG.Demo8" name="createTestCase1" time="0.011">
    <system-out>
      <![CDATA[CreateTestCase-1]]>
    </system-out>
  </testcase> <!-- createTestCase1 -->
  <testcase classname="TestNG.Demo8" name="createTestCase1" time="0.002">
    <system-out>
      <![CDATA[CreateTestCase-1]]>
    </system-out>
  </testcase> <!-- createTestCase1 -->
  <testcase classname="TestNG.Demo8" name="createTestCase1" time="0.021">
    <system-out>
      <![CDATA[CreateTestCase-1]]>
    </system-out>
  </testcase> <!-- createTestCase1 -->
  <testcase classname="TestNG.Demo8" name="createTestCase1" time="0.008">
    <system-out>
      <![CDATA[CreateTestCase-1]]>
    </system-out>
  </testcase> <!-- createTestCase1 -->
  <testcase classname="TestNG.Demo8" name="createTestCase1" time="0.002">
    <system-out>
      <![CDATA[CreateTestCase-1]]>
    </system-out>
  </testcase> <!-- createTestCase1 -->
  <testcase classname="TestNG.Demo8" name="createTestCase1" time="0.014">
    <system-out>
      <![CDATA[CreateTestCase-1]]>
    </system-out>
  </testcase> <!-- createTestCase1 -->
  <testcase classname="TestNG.Demo8" name="createTestCase1" time="0.007">
    <system-out>
      <![CDATA[CreateTestCase-1]]>
    </system-out>
  </testcase> <!-- createTestCase1 -->
  <testcase classname="TestNG.Demo8" name="createTestCase1" time="0.005">
    <system-out>
      <![CDATA[CreateTestCase-1]]>
    </system-out>
  </testcase> <!-- createTestCase1 -->
  <testcase classname="TestNG.Demo8" name="createTestCase1" time="0.005">
    <system-out>
      <![CDATA[CreateTestCase-1]]>
    </system-out>
  </testcase> <!-- createTestCase1 -->
  <testcase classname="TestNG.Demo8" name="createTestCase1" time="0.007">
    <system-out>
      <![CDATA[CreateTestCase-1]]>
    </system-out>
  </testcase> <!-- createTestCase1 -->
  <testcase classname="TestNG.Demo8" name="createTestCase1" time="0.015">
    <system-out>
      <![CDATA[CreateTestCase-1]]>
    </system-out>
  </testcase> <!-- createTestCase1 -->
  <testcase classname="TestNG.Demo8" name="createTestCase1" time="0.004">
    <system-out>
      <![CDATA[CreateTestCase-1]]>
    </system-out>
  </testcase> <!-- createTestCase1 -->
  <testcase classname="TestNG.Demo8" name="createTestCase1" time="0.004">
    <system-out>
      <![CDATA[CreateTestCase-1]]>
    </system-out>
  </testcase> <!-- createTestCase1 -->
  <testcase classname="TestNG.Demo8" name="createTestCase1" time="0.006">
    <system-out>
      <![CDATA[CreateTestCase-1]]>
    </system-out>
  </testcase> <!-- createTestCase1 -->
  <testcase classname="TestNG.Demo8" name="createTestCase1" time="0.005">
    <system-out>
      <![CDATA[CreateTestCase-1]]>
    </system-out>
  </testcase> <!-- createTestCase1 -->
  <testcase classname="TestNG.Demo8" name="createTestCase1" time="0.004">
    <system-out>
      <![CDATA[CreateTestCase-1]]>
    </system-out>
  </testcase> <!-- createTestCase1 -->
  <testcase classname="TestNG.Demo8" name="createTestCase1" time="0.007">
    <system-out>
      <![CDATA[CreateTestCase-1]]>
    </system-out>
  </testcase> <!-- createTestCase1 -->
  <testcase classname="TestNG.Demo8" name="createTestCase1" time="0.004">
    <system-out>
      <![CDATA[CreateTestCase-1]]>
    </system-out>
  </testcase> <!-- createTestCase1 -->
  <testcase classname="TestNG.Demo8" name="createTestCase1" time="0.002">
    <system-out>
      <![CDATA[CreateTestCase-1]]>
    </system-out>
  </testcase> <!-- createTestCase1 -->
  <testcase classname="TestNG.Demo8" name="createTestCase1" time="0.032">
    <system-out>
      <![CDATA[CreateTestCase-1]]>
    </system-out>
  </testcase> <!-- createTestCase1 -->
  <testcase classname="TestNG.Demo8" name="createTestCase1" time="0.006">
    <system-out>
      <![CDATA[CreateTestCase-1]]>
    </system-out>
  </testcase> <!-- createTestCase1 -->
  <testcase classname="TestNG.Demo8" name="createTestCase1" time="0.002">
    <system-out>
      <![CDATA[CreateTestCase-1]]>
    </system-out>
  </testcase> <!-- createTestCase1 -->
  <testcase classname="TestNG.Demo8" name="createTestCase1" time="0.010">
    <system-out>
      <![CDATA[CreateTestCase-1]]>
    </system-out>
  </testcase> <!-- createTestCase1 -->
  <testcase classname="TestNG.Demo8" name="createTestCase1" time="0.007">
    <system-out>
      <![CDATA[CreateTestCase-1]]>
    </system-out>
  </testcase> <!-- createTestCase1 -->
  <testcase classname="TestNG.Demo8" name="createTestCase1" time="0.004">
    <system-out>
      <![CDATA[CreateTestCase-1]]>
    </system-out>
  </testcase> <!-- createTestCase1 -->
  <testcase classname="TestNG.Demo8" name="createTestCase1" time="0.007">
    <system-out>
      <![CDATA[CreateTestCase-1]]>
    </system-out>
  </testcase> <!-- createTestCase1 -->
  <testcase classname="TestNG.Demo8" name="createTestCase1" time="0.004">
    <system-out>
      <![CDATA[CreateTestCase-1]]>
    </system-out>
  </testcase> <!-- createTestCase1 -->
  <testcase classname="TestNG.Demo8" name="createTestCase1" time="0.013">
    <system-out>
      <![CDATA[CreateTestCase-1]]>
    </system-out>
  </testcase> <!-- createTestCase1 -->
  <testcase classname="TestNG.Demo8" name="createTestCase1" time="0.012">
    <system-out>
      <![CDATA[CreateTestCase-1]]>
    </system-out>
  </testcase> <!-- createTestCase1 -->
  <testcase classname="TestNG.Demo8" name="createTestCase1" time="0.003">
    <system-out>
      <![CDATA[CreateTestCase-1]]>
    </system-out>
  </testcase> <!-- createTestCase1 -->
  <testcase classname="TestNG.Demo8" name="createTestCase1" time="0.003">
    <system-out>
      <![CDATA[CreateTestCase-1]]>
    </system-out>
  </testcase> <!-- createTestCase1 -->
  <testcase classname="TestNG.Demo8" name="createTestCase1" time="0.011">
    <system-out>
      <![CDATA[CreateTestCase-1]]>
    </system-out>
  </testcase> <!-- createTestCase1 -->
  <testcase classname="TestNG.Demo8" name="createTestCase1" time="0.007">
    <system-out>
      <![CDATA[CreateTestCase-1]]>
    </system-out>
  </testcase> <!-- createTestCase1 -->
  <testcase classname="TestNG.Demo8" name="createTestCase1" time="0.006">
    <system-out>
      <![CDATA[CreateTestCase-1]]>
    </system-out>
  </testcase> <!-- createTestCase1 -->
  <testcase classname="TestNG.Demo8" name="createTestCase1" time="0.013">
    <system-out>
      <![CDATA[CreateTestCase-1]]>
    </system-out>
  </testcase> <!-- createTestCase1 -->
  <testcase classname="TestNG.Demo8" name="createTestCase1" time="0.002">
    <system-out>
      <![CDATA[CreateTestCase-1]]>
    </system-out>
  </testcase> <!-- createTestCase1 -->
  <testcase classname="TestNG.Demo8" name="createTestCase1" time="0.002">
    <system-out>
      <![CDATA[CreateTestCase-1]]>
    </system-out>
  </testcase> <!-- createTestCase1 -->
  <testcase classname="TestNG.Demo8" name="createTestCase1" time="0.003">
    <system-out>
      <![CDATA[CreateTestCase-1]]>
    </system-out>
  </testcase> <!-- createTestCase1 -->
  <testcase classname="TestNG.Demo8" name="createTestCase1" time="0.007">
    <system-out>
      <![CDATA[CreateTestCase-1]]>
    </system-out>
  </testcase> <!-- createTestCase1 -->
  <testcase classname="TestNG.Demo8" name="createTestCase1" time="0.003">
    <system-out>
      <![CDATA[CreateTestCase-1]]>
    </system-out>
  </testcase> <!-- createTestCase1 -->
  <testcase classname="TestNG.Demo8" name="createTestCase1" time="0.005">
    <system-out>
      <![CDATA[CreateTestCase-1]]>
    </system-out>
  </testcase> <!-- createTestCase1 -->
  <testcase classname="TestNG.Demo8" name="createTestCase1" time="0.022">
    <system-out>
      <![CDATA[CreateTestCase-1]]>
    </system-out>
  </testcase> <!-- createTestCase1 -->
  <testcase classname="TestNG.Demo8" name="createTestCase1" time="0.003">
    <system-out>
      <![CDATA[CreateTestCase-1]]>
    </system-out>
  </testcase> <!-- createTestCase1 -->
  <testcase classname="TestNG.Demo8" name="createTestCase1" time="0.011">
    <system-out>
      <![CDATA[CreateTestCase-1]]>
    </system-out>
  </testcase> <!-- createTestCase1 -->
  <testcase classname="TestNG.Demo8" name="createTestCase1" time="0.004">
    <system-out>
      <![CDATA[CreateTestCase-1]]>
    </system-out>
  </testcase> <!-- createTestCase1 -->
  <testcase classname="TestNG.Demo8" name="createTestCase1" time="0.003">
    <system-out>
      <![CDATA[CreateTestCase-1]]>
    </system-out>
  </testcase> <!-- createTestCase1 -->
  <testcase classname="TestNG.Demo8" name="createTestCase1" time="0.007">
    <system-out>
      <![CDATA[CreateTestCase-1]]>
    </system-out>
  </testcase> <!-- createTestCase1 -->
  <testcase classname="TestNG.Demo8" name="createTestCase1" time="0.006">
    <system-out>
      <![CDATA[CreateTestCase-1]]>
    </system-out>
  </testcase> <!-- createTestCase1 -->
  <testcase classname="TestNG.Demo8" name="createTestCase1" time="0.005">
    <system-out>
      <![CDATA[CreateTestCase-1]]>
    </system-out>
  </testcase> <!-- createTestCase1 -->
  <testcase classname="TestNG.Demo8" name="createTestCase1" time="0.012">
    <system-out>
      <![CDATA[CreateTestCase-1]]>
    </system-out>
  </testcase> <!-- createTestCase1 -->
  <testcase classname="TestNG.Demo8" name="createTestCase1" time="0.004">
    <system-out>
      <![CDATA[CreateTestCase-1]]>
    </system-out>
  </testcase> <!-- createTestCase1 -->
  <testcase classname="TestNG.Demo8" name="createTestCase1" time="0.007">
    <system-out>
      <![CDATA[CreateTestCase-1]]>
    </system-out>
  </testcase> <!-- createTestCase1 -->
  <testcase classname="TestNG.Demo8" name="createTestCase1" time="0.002">
    <system-out>
      <![CDATA[CreateTestCase-1]]>
    </system-out>
  </testcase> <!-- createTestCase1 -->
  <testcase classname="TestNG.Demo8" name="createTestCase1" time="0.009">
    <system-out>
      <![CDATA[CreateTestCase-1]]>
    </system-out>
  </testcase> <!-- createTestCase1 -->
  <testcase classname="TestNG.Demo8" name="createTestCase1" time="0.008">
    <system-out>
      <![CDATA[CreateTestCase-1]]>
    </system-out>
  </testcase> <!-- createTestCase1 -->
  <testcase classname="TestNG.Demo8" name="createTestCase1" time="0.004">
    <system-out>
      <![CDATA[CreateTestCase-1]]>
    </system-out>
  </testcase> <!-- createTestCase1 -->
  <testcase classname="TestNG.Demo8" name="createTestCase1" time="0.003">
    <system-out>
      <![CDATA[CreateTestCase-1]]>
    </system-out>
  </testcase> <!-- createTestCase1 -->
  <testcase classname="TestNG.Demo8" name="createTestCase1" time="0.006">
    <system-out>
      <![CDATA[CreateTestCase-1]]>
    </system-out>
  </testcase> <!-- createTestCase1 -->
  <testcase classname="TestNG.Demo8" name="createTestCase1" time="0.009">
    <system-out>
      <![CDATA[CreateTestCase-1]]>
    </system-out>
  </testcase> <!-- createTestCase1 -->
  <testcase classname="TestNG.Demo8" name="createTestCase1" time="0.006">
    <system-out>
      <![CDATA[CreateTestCase-1]]>
    </system-out>
  </testcase> <!-- createTestCase1 -->
  <testcase classname="TestNG.Demo8" name="createTestCase1" time="0.006">
    <system-out>
      <![CDATA[CreateTestCase-1]]>
    </system-out>
  </testcase> <!-- createTestCase1 -->
  <testcase classname="TestNG.Demo8" name="createTestCase1" time="0.007">
    <system-out>
      <![CDATA[CreateTestCase-1]]>
    </system-out>
  </testcase> <!-- createTestCase1 -->
  <testcase classname="TestNG.Demo8" name="editTestCase2" time="0.002">
    <system-out>
      <![CDATA[EditTestCase-2]]>
    </system-out>
  </testcase> <!-- editTestCase2 -->
  <testcase classname="TestNG.Demo8" name="editTestCase2" time="0.003">
    <system-out>
      <![CDATA[EditTestCase-2]]>
    </system-out>
  </testcase> <!-- editTestCase2 -->
  <testcase classname="TestNG.Demo8" name="editTestCase2" time="0.004">
    <system-out>
      <![CDATA[EditTestCase-2]]>
    </system-out>
  </testcase> <!-- editTestCase2 -->
  <testcase classname="TestNG.Demo8" name="editTestCase2" time="0.002">
    <system-out>
      <![CDATA[EditTestCase-2]]>
    </system-out>
  </testcase> <!-- editTestCase2 -->
  <testcase classname="TestNG.Demo8" name="editTestCase2" time="0.002">
    <system-out>
      <![CDATA[EditTestCase-2]]>
    </system-out>
  </testcase> <!-- editTestCase2 -->
  <testcase classname="TestNG.Demo8" name="editTestCase2" time="0.002">
    <system-out>
      <![CDATA[EditTestCase-2]]>
    </system-out>
  </testcase> <!-- editTestCase2 -->
  <testcase classname="TestNG.Demo8" name="editTestCase2" time="0.002">
    <system-out>
      <![CDATA[EditTestCase-2]]>
    </system-out>
  </testcase> <!-- editTestCase2 -->
  <testcase classname="TestNG.Demo8" name="editTestCase2" time="0.002">
    <system-out>
      <![CDATA[EditTestCase-2]]>
    </system-out>
  </testcase> <!-- editTestCase2 -->
  <testcase classname="TestNG.Demo8" name="editTestCase2" time="0.003">
    <system-out>
      <![CDATA[EditTestCase-2]]>
    </system-out>
  </testcase> <!-- editTestCase2 -->
  <testcase classname="TestNG.Demo8" name="editTestCase2" time="0.003">
    <system-out>
      <![CDATA[EditTestCase-2]]>
    </system-out>
  </testcase> <!-- editTestCase2 -->
  <testcase classname="TestNG.Demo8" name="editTestCase2" time="0.004">
    <system-out>
      <![CDATA[EditTestCase-2]]>
    </system-out>
  </testcase> <!-- editTestCase2 -->
  <testcase classname="TestNG.Demo8" name="editTestCase2" time="0.004">
    <system-out>
      <![CDATA[EditTestCase-2]]>
    </system-out>
  </testcase> <!-- editTestCase2 -->
  <testcase classname="TestNG.Demo8" name="editTestCase2" time="0.003">
    <system-out>
      <![CDATA[EditTestCase-2]]>
    </system-out>
  </testcase> <!-- editTestCase2 -->
  <testcase classname="TestNG.Demo8" name="editTestCase2" time="0.004">
    <system-out>
      <![CDATA[EditTestCase-2]]>
    </system-out>
  </testcase> <!-- editTestCase2 -->
  <testcase classname="TestNG.Demo8" name="editTestCase2" time="0.002">
    <system-out>
      <![CDATA[EditTestCase-2]]>
    </system-out>
  </testcase> <!-- editTestCase2 -->
  <testcase classname="TestNG.Demo8" name="editTestCase2" time="0.001">
    <system-out>
      <![CDATA[EditTestCase-2]]>
    </system-out>
  </testcase> <!-- editTestCase2 -->
  <testcase classname="TestNG.Demo8" name="editTestCase2" time="0.002">
    <system-out>
      <![CDATA[EditTestCase-2]]>
    </system-out>
  </testcase> <!-- editTestCase2 -->
  <testcase classname="TestNG.Demo8" name="editTestCase2" time="0.003">
    <system-out>
      <![CDATA[EditTestCase-2]]>
    </system-out>
  </testcase> <!-- editTestCase2 -->
  <testcase classname="TestNG.Demo8" name="editTestCase2" time="0.004">
    <system-out>
      <![CDATA[EditTestCase-2]]>
    </system-out>
  </testcase> <!-- editTestCase2 -->
  <testcase classname="TestNG.Demo8" name="editTestCase2" time="0.002">
    <system-out>
      <![CDATA[EditTestCase-2]]>
    </system-out>
  </testcase> <!-- editTestCase2 -->
  <testcase classname="TestNG.Demo8" name="deleteTestCase3" time="0.001">
    <system-out>
      <![CDATA[DeleteTestCase-3]]>
    </system-out>
  </testcase> <!-- deleteTestCase3 -->
  <testcase classname="TestNG.Demo8" name="deleteTestCase3" time="0.003">
    <system-out>
      <![CDATA[DeleteTestCase-3]]>
    </system-out>
  </testcase> <!-- deleteTestCase3 -->
  <testcase classname="TestNG.Demo8" name="deleteTestCase3" time="0.002">
    <system-out>
      <![CDATA[DeleteTestCase-3]]>
    </system-out>
  </testcase> <!-- deleteTestCase3 -->
  <testcase classname="TestNG.Demo8" name="deleteTestCase3" time="0.002">
    <system-out>
      <![CDATA[DeleteTestCase-3]]>
    </system-out>
  </testcase> <!-- deleteTestCase3 -->
  <testcase classname="TestNG.Demo8" name="deleteTestCase3" time="0.002">
    <system-out>
      <![CDATA[DeleteTestCase-3]]>
    </system-out>
  </testcase> <!-- deleteTestCase3 -->
  <testcase classname="TestNG.Demo8" name="deleteTestCase3" time="0.004">
    <system-out>
      <![CDATA[DeleteTestCase-3]]>
    </system-out>
  </testcase> <!-- deleteTestCase3 -->
  <testcase classname="TestNG.Demo8" name="deleteTestCase3" time="0.001">
    <system-out>
      <![CDATA[DeleteTestCase-3]]>
    </system-out>
  </testcase> <!-- deleteTestCase3 -->
  <testcase classname="TestNG.Demo8" name="deleteTestCase3" time="0.003">
    <system-out>
      <![CDATA[DeleteTestCase-3]]>
    </system-out>
  </testcase> <!-- deleteTestCase3 -->
  <testcase classname="TestNG.Demo8" name="deleteTestCase3" time="0.003">
    <system-out>
      <![CDATA[DeleteTestCase-3]]>
    </system-out>
  </testcase> <!-- deleteTestCase3 -->
  <testcase classname="TestNG.Demo8" name="deleteTestCase3" time="0.002">
    <system-out>
      <![CDATA[DeleteTestCase-3]]>
    </system-out>
  </testcase> <!-- deleteTestCase3 -->
  <testcase classname="TestNG.Demo8" name="deleteTestCase3" time="0.001">
    <system-out>
      <![CDATA[DeleteTestCase-3]]>
    </system-out>
  </testcase> <!-- deleteTestCase3 -->
  <testcase classname="TestNG.Demo8" name="deleteTestCase3" time="0.002">
    <system-out>
      <![CDATA[DeleteTestCase-3]]>
    </system-out>
  </testcase> <!-- deleteTestCase3 -->
  <testcase classname="TestNG.Demo8" name="deleteTestCase3" time="0.003">
    <system-out>
      <![CDATA[DeleteTestCase-3]]>
    </system-out>
  </testcase> <!-- deleteTestCase3 -->
  <testcase classname="TestNG.Demo8" name="deleteTestCase3" time="0.002">
    <system-out>
      <![CDATA[DeleteTestCase-3]]>
    </system-out>
  </testcase> <!-- deleteTestCase3 -->
  <testcase classname="TestNG.Demo8" name="deleteTestCase3" time="0.002">
    <system-out>
      <![CDATA[DeleteTestCase-3]]>
    </system-out>
  </testcase> <!-- deleteTestCase3 -->
  <testcase classname="TestNG.Demo8" name="deleteTestCase3" time="0.002">
    <system-out>
      <![CDATA[DeleteTestCase-3]]>
    </system-out>
  </testcase> <!-- deleteTestCase3 -->
  <testcase classname="TestNG.Demo8" name="deleteTestCase3" time="0.002">
    <system-out>
      <![CDATA[DeleteTestCase-3]]>
    </system-out>
  </testcase> <!-- deleteTestCase3 -->
  <testcase classname="TestNG.Demo8" name="deleteTestCase3" time="0.002">
    <system-out>
      <![CDATA[DeleteTestCase-3]]>
    </system-out>
  </testcase> <!-- deleteTestCase3 -->
  <testcase classname="TestNG.Demo8" name="deleteTestCase3" time="0.002">
    <system-out>
      <![CDATA[DeleteTestCase-3]]>
    </system-out>
  </testcase> <!-- deleteTestCase3 -->
  <testcase classname="TestNG.Demo8" name="deleteTestCase3" time="0.002">
    <system-out>
      <![CDATA[DeleteTestCase-3]]>
    </system-out>
  </testcase> <!-- deleteTestCase3 -->
  <testcase classname="TestNG.Demo8" name="deleteTestCase3" time="0.003">
    <system-out>
      <![CDATA[DeleteTestCase-3]]>
    </system-out>
  </testcase> <!-- deleteTestCase3 -->
  <testcase classname="TestNG.Demo8" name="deleteTestCase3" time="0.003">
    <system-out>
      <![CDATA[DeleteTestCase-3]]>
    </system-out>
  </testcase> <!-- deleteTestCase3 -->
  <testcase classname="TestNG.Demo8" name="deleteTestCase3" time="0.002">
    <system-out>
      <![CDATA[DeleteTestCase-3]]>
    </system-out>
  </testcase> <!-- deleteTestCase3 -->
  <testcase classname="TestNG.Demo8" name="deleteTestCase3" time="0.001">
    <system-out>
      <![CDATA[DeleteTestCase-3]]>
    </system-out>
  </testcase> <!-- deleteTestCase3 -->
  <testcase classname="TestNG.Demo8" name="deleteTestCase3" time="0.002">
    <system-out>
      <![CDATA[DeleteTestCase-3]]>
    </system-out>
  </testcase> <!-- deleteTestCase3 -->
  <testcase classname="TestNG.Demo8" name="deleteTestCase3" time="0.002">
    <system-out>
      <![CDATA[DeleteTestCase-3]]>
    </system-out>
  </testcase> <!-- deleteTestCase3 -->
  <testcase classname="TestNG.Demo8" name="deleteTestCase3" time="0.003">
    <system-out>
      <![CDATA[DeleteTestCase-3]]>
    </system-out>
  </testcase> <!-- deleteTestCase3 -->
  <testcase classname="TestNG.Demo8" name="deleteTestCase3" time="0.001">
    <system-out>
      <![CDATA[DeleteTestCase-3]]>
    </system-out>
  </testcase> <!-- deleteTestCase3 -->
  <testcase classname="TestNG.Demo8" name="deleteTestCase3" time="0.002">
    <system-out>
      <![CDATA[DeleteTestCase-3]]>
    </system-out>
  </testcase> <!-- deleteTestCase3 -->
  <testcase classname="TestNG.Demo8" name="deleteTestCase3" time="0.003">
    <system-out>
      <![CDATA[DeleteTestCase-3]]>
    </system-out>
  </testcase> <!-- deleteTestCase3 -->
  <testcase classname="TestNG.Demo8" name="deleteTestCase3" time="0.002">
    <system-out>
      <![CDATA[DeleteTestCase-3]]>
    </system-out>
  </testcase> <!-- deleteTestCase3 -->
  <testcase classname="TestNG.Demo8" name="deleteTestCase3" time="0.002">
    <system-out>
      <![CDATA[DeleteTestCase-3]]>
    </system-out>
  </testcase> <!-- deleteTestCase3 -->
  <testcase classname="TestNG.Demo8" name="deleteTestCase3" time="0.003">
    <system-out>
      <![CDATA[DeleteTestCase-3]]>
    </system-out>
  </testcase> <!-- deleteTestCase3 -->
  <testcase classname="TestNG.Demo8" name="deleteTestCase3" time="0.002">
    <system-out>
      <![CDATA[DeleteTestCase-3]]>
    </system-out>
  </testcase> <!-- deleteTestCase3 -->
  <testcase classname="TestNG.Demo8" name="deleteTestCase3" time="0.002">
    <system-out>
      <![CDATA[DeleteTestCase-3]]>
    </system-out>
  </testcase> <!-- deleteTestCase3 -->
  <testcase classname="TestNG.Demo8" name="deleteTestCase3" time="0.001">
    <system-out>
      <![CDATA[DeleteTestCase-3]]>
    </system-out>
  </testcase> <!-- deleteTestCase3 -->
  <testcase classname="TestNG.Demo8" name="deleteTestCase3" time="0.003">
    <system-out>
      <![CDATA[DeleteTestCase-3]]>
    </system-out>
  </testcase> <!-- deleteTestCase3 -->
  <testcase classname="TestNG.Demo8" name="deleteTestCase3" time="0.005">
    <system-out>
      <![CDATA[DeleteTestCase-3]]>
    </system-out>
  </testcase> <!-- deleteTestCase3 -->
  <testcase classname="TestNG.Demo8" name="deleteTestCase3" time="0.004">
    <system-out>
      <![CDATA[DeleteTestCase-3]]>
    </system-out>
  </testcase> <!-- deleteTestCase3 -->
  <testcase classname="TestNG.Demo8" name="deleteTestCase3" time="0.006">
    <system-out>
      <![CDATA[DeleteTestCase-3]]>
    </system-out>
  </testcase> <!-- deleteTestCase3 -->
  <testcase classname="TestNG.Demo8" name="deleteTestCase3" time="0.004">
    <system-out>
      <![CDATA[DeleteTestCase-3]]>
    </system-out>
  </testcase> <!-- deleteTestCase3 -->
  <testcase classname="TestNG.Demo8" name="deleteTestCase3" time="0.003">
    <system-out>
      <![CDATA[DeleteTestCase-3]]>
    </system-out>
  </testcase> <!-- deleteTestCase3 -->
  <testcase classname="TestNG.Demo8" name="deleteTestCase3" time="0.003">
    <system-out>
      <![CDATA[DeleteTestCase-3]]>
    </system-out>
  </testcase> <!-- deleteTestCase3 -->
  <testcase classname="TestNG.Demo8" name="deleteTestCase3" time="0.003">
    <system-out>
      <![CDATA[DeleteTestCase-3]]>
    </system-out>
  </testcase> <!-- deleteTestCase3 -->
  <testcase classname="TestNG.Demo8" name="deleteTestCase3" time="0.002">
    <system-out>
      <![CDATA[DeleteTestCase-3]]>
    </system-out>
  </testcase> <!-- deleteTestCase3 -->
  <testcase classname="TestNG.Demo8" name="deleteTestCase3" time="0.002">
    <system-out>
      <![CDATA[DeleteTestCase-3]]>
    </system-out>
  </testcase> <!-- deleteTestCase3 -->
  <testcase classname="TestNG.Demo8" name="deleteTestCase3" time="0.002">
    <system-out>
      <![CDATA[DeleteTestCase-3]]>
    </system-out>
  </testcase> <!-- deleteTestCase3 -->
  <testcase classname="TestNG.Demo8" name="deleteTestCase3" time="0.002">
    <system-out>
      <![CDATA[DeleteTestCase-3]]>
    </system-out>
  </testcase> <!-- deleteTestCase3 -->
  <testcase classname="TestNG.Demo8" name="deleteTestCase3" time="0.002">
    <system-out>
      <![CDATA[DeleteTestCase-3]]>
    </system-out>
  </testcase> <!-- deleteTestCase3 -->
  <testcase classname="TestNG.Demo8" name="deleteTestCase3" time="0.002">
    <system-out>
      <![CDATA[DeleteTestCase-3]]>
    </system-out>
  </testcase> <!-- deleteTestCase3 -->
  <system-out>
    <![CDATA[CreateTestCase-1
CreateTestCase-1
CreateTestCase-1
CreateTestCase-1
CreateTestCase-1
CreateTestCase-1
CreateTestCase-1
CreateTestCase-1
CreateTestCase-1
CreateTestCase-1
CreateTestCase-1
CreateTestCase-1
CreateTestCase-1
CreateTestCase-1
CreateTestCase-1
CreateTestCase-1
CreateTestCase-1
CreateTestCase-1
CreateTestCase-1
CreateTestCase-1
CreateTestCase-1
CreateTestCase-1
CreateTestCase-1
CreateTestCase-1
CreateTestCase-1
CreateTestCase-1
CreateTestCase-1
CreateTestCase-1
CreateTestCase-1
CreateTestCase-1
CreateTestCase-1
CreateTestCase-1
CreateTestCase-1
CreateTestCase-1
CreateTestCase-1
CreateTestCase-1
CreateTestCase-1
CreateTestCase-1
CreateTestCase-1
CreateTestCase-1
CreateTestCase-1
CreateTestCase-1
CreateTestCase-1
CreateTestCase-1
CreateTestCase-1
CreateTestCase-1
CreateTestCase-1
CreateTestCase-1
CreateTestCase-1
CreateTestCase-1
CreateTestCase-1
CreateTestCase-1
CreateTestCase-1
CreateTestCase-1
CreateTestCase-1
CreateTestCase-1
CreateTestCase-1
CreateTestCase-1
CreateTestCase-1
CreateTestCase-1
CreateTestCase-1
CreateTestCase-1
CreateTestCase-1
CreateTestCase-1
CreateTestCase-1
CreateTestCase-1
CreateTestCase-1
CreateTestCase-1
CreateTestCase-1
CreateTestCase-1
CreateTestCase-1
CreateTestCase-1
CreateTestCase-1
CreateTestCase-1
CreateTestCase-1
CreateTestCase-1
CreateTestCase-1
CreateTestCase-1
CreateTestCase-1
CreateTestCase-1
CreateTestCase-1
CreateTestCase-1
CreateTestCase-1
CreateTestCase-1
CreateTestCase-1
CreateTestCase-1
CreateTestCase-1
CreateTestCase-1
CreateTestCase-1
CreateTestCase-1
CreateTestCase-1
CreateTestCase-1
CreateTestCase-1
CreateTestCase-1
CreateTestCase-1
CreateTestCase-1
CreateTestCase-1
CreateTestCase-1
CreateTestCase-1
CreateTestCase-1
EditTestCase-2
EditTestCase-2
EditTestCase-2
EditTestCase-2
EditTestCase-2
EditTestCase-2
EditTestCase-2
EditTestCase-2
EditTestCase-2
EditTestCase-2
EditTestCase-2
EditTestCase-2
EditTestCase-2
EditTestCase-2
EditTestCase-2
EditTestCase-2
EditTestCase-2
EditTestCase-2
EditTestCase-2
EditTestCase-2
DeleteTestCase-3
DeleteTestCase-3
DeleteTestCase-3
DeleteTestCase-3
DeleteTestCase-3
DeleteTestCase-3
DeleteTestCase-3
DeleteTestCase-3
DeleteTestCase-3
DeleteTestCase-3
DeleteTestCase-3
DeleteTestCase-3
DeleteTestCase-3
DeleteTestCase-3
DeleteTestCase-3
DeleteTestCase-3
DeleteTestCase-3
DeleteTestCase-3
DeleteTestCase-3
DeleteTestCase-3
DeleteTestCase-3
DeleteTestCase-3
DeleteTestCase-3
DeleteTestCase-3
DeleteTestCase-3
DeleteTestCase-3
DeleteTestCase-3
DeleteTestCase-3
DeleteTestCase-3
DeleteTestCase-3
DeleteTestCase-3
DeleteTestCase-3
DeleteTestCase-3
DeleteTestCase-3
DeleteTestCase-3
DeleteTestCase-3
DeleteTestCase-3
DeleteTestCase-3
DeleteTestCase-3
DeleteTestCase-3
DeleteTestCase-3
DeleteTestCase-3
DeleteTestCase-3
DeleteTestCase-3
DeleteTestCase-3
DeleteTestCase-3
DeleteTestCase-3
DeleteTestCase-3
DeleteTestCase-3
DeleteTestCase-3]]>
  </system-out>
</testsuite> <!-- TestNG.Demo8 -->
