<?xml version="1.0" encoding="UTF-8"?>
<!-- Generated by org.testng.reporters.JUnitReportReporter -->
<testsuite hostname="Admin-PC" failures="0" tests="3" name="Selenium_TestNG.Demo7" time="0.002" errors="0" timestamp="2022-07-25T00:54:50 IST" skipped="2">
  <testcase classname="Selenium_TestNG.Demo7" name="editTestCase2" time="0.002"/>
  <system-out>
    <![CDATA[EditTestCase-2]]>
  </system-out>
  <testcase classname="Selenium_TestNG.Demo7" name="deleteTestCase3">
    <skipped/>
  </testcase> <!-- deleteTestCase3 -->
  <system-out/>
  <testcase classname="Selenium_TestNG.Demo7" name="createTestCase1">
    <skipped/>
  </testcase> <!-- createTestCase1 -->
  <system-out/>
</testsuite> <!-- Selenium_TestNG.Demo7 -->
