<?xml version="1.0" encoding="UTF-8"?>
<!-- Generated by org.testng.reporters.JUnitReportReporter -->
<testsuite hostname="Admin-PC" failures="0" tests="170" name="Selenium_TestNG.Demo8" time="0.660" errors="0" timestamp="2022-07-25T00:54:50 IST" skipped="0">
  <testcase classname="Selenium_TestNG.Demo8" name="createTestCase1" time="0.002"/>
  <system-out>
    <![CDATA[CreateTestCase-1]]>
  </system-out>
  <testcase classname="Selenium_TestNG.Demo8" name="createTestCase1" time="0.003"/>
  <system-out>
    <![CDATA[CreateTestCase-1]]>
  </system-out>
  <testcase classname="Selenium_TestNG.Demo8" name="createTestCase1" time="0.003"/>
  <system-out>
    <![CDATA[CreateTestCase-1]]>
  </system-out>
  <testcase classname="Selenium_TestNG.Demo8" name="createTestCase1" time="0.003"/>
  <system-out>
    <![CDATA[CreateTestCase-1]]>
  </system-out>
  <testcase classname="Selenium_TestNG.Demo8" name="createTestCase1" time="0.002"/>
  <system-out>
    <![CDATA[CreateTestCase-1]]>
  </system-out>
  <testcase classname="Selenium_TestNG.Demo8" name="createTestCase1" time="0.002"/>
  <system-out>
    <![CDATA[CreateTestCase-1]]>
  </system-out>
  <testcase classname="Selenium_TestNG.Demo8" name="createTestCase1" time="0.002"/>
  <system-out>
    <![CDATA[CreateTestCase-1]]>
  </system-out>
  <testcase classname="Selenium_TestNG.Demo8" name="createTestCase1" time="0.002"/>
  <system-out>
    <![CDATA[CreateTestCase-1]]>
  </system-out>
  <testcase classname="Selenium_TestNG.Demo8" name="createTestCase1" time="0.002"/>
  <system-out>
    <![CDATA[CreateTestCase-1]]>
  </system-out>
  <testcase classname="Selenium_TestNG.Demo8" name="createTestCase1" time="0.005"/>
  <system-out>
    <![CDATA[CreateTestCase-1]]>
  </system-out>
  <testcase classname="Selenium_TestNG.Demo8" name="createTestCase1" time="0.002"/>
  <system-out>
    <![CDATA[CreateTestCase-1]]>
  </system-out>
  <testcase classname="Selenium_TestNG.Demo8" name="createTestCase1" time="0.004"/>
  <system-out>
    <![CDATA[CreateTestCase-1]]>
  </system-out>
  <testcase classname="Selenium_TestNG.Demo8" name="createTestCase1" time="0.002"/>
  <system-out>
    <![CDATA[CreateTestCase-1]]>
  </system-out>
  <testcase classname="Selenium_TestNG.Demo8" name="createTestCase1" time="0.002"/>
  <system-out>
    <![CDATA[CreateTestCase-1]]>
  </system-out>
  <testcase classname="Selenium_TestNG.Demo8" name="createTestCase1" time="0.028"/>
  <system-out>
    <![CDATA[CreateTestCase-1]]>
  </system-out>
  <testcase classname="Selenium_TestNG.Demo8" name="createTestCase1" time="0.001"/>
  <system-out>
    <![CDATA[CreateTestCase-1]]>
  </system-out>
  <testcase classname="Selenium_TestNG.Demo8" name="createTestCase1" time="0.002"/>
  <system-out>
    <![CDATA[CreateTestCase-1]]>
  </system-out>
  <testcase classname="Selenium_TestNG.Demo8" name="createTestCase1" time="0.001"/>
  <system-out>
    <![CDATA[CreateTestCase-1]]>
  </system-out>
  <testcase classname="Selenium_TestNG.Demo8" name="createTestCase1" time="0.002"/>
  <system-out>
    <![CDATA[CreateTestCase-1]]>
  </system-out>
  <testcase classname="Selenium_TestNG.Demo8" name="createTestCase1" time="0.004"/>
  <system-out>
    <![CDATA[CreateTestCase-1]]>
  </system-out>
  <testcase classname="Selenium_TestNG.Demo8" name="createTestCase1" time="0.002"/>
  <system-out>
    <![CDATA[CreateTestCase-1]]>
  </system-out>
  <testcase classname="Selenium_TestNG.Demo8" name="createTestCase1" time="0.002"/>
  <system-out>
    <![CDATA[CreateTestCase-1]]>
  </system-out>
  <testcase classname="Selenium_TestNG.Demo8" name="createTestCase1" time="0.002"/>
  <system-out>
    <![CDATA[CreateTestCase-1]]>
  </system-out>
  <testcase classname="Selenium_TestNG.Demo8" name="createTestCase1" time="0.003"/>
  <system-out>
    <![CDATA[CreateTestCase-1]]>
  </system-out>
  <testcase classname="Selenium_TestNG.Demo8" name="createTestCase1" time="0.006"/>
  <system-out>
    <![CDATA[CreateTestCase-1]]>
  </system-out>
  <testcase classname="Selenium_TestNG.Demo8" name="createTestCase1" time="0.011"/>
  <system-out>
    <![CDATA[CreateTestCase-1]]>
  </system-out>
  <testcase classname="Selenium_TestNG.Demo8" name="createTestCase1" time="0.002"/>
  <system-out>
    <![CDATA[CreateTestCase-1]]>
  </system-out>
  <testcase classname="Selenium_TestNG.Demo8" name="createTestCase1" time="0.002"/>
  <system-out>
    <![CDATA[CreateTestCase-1]]>
  </system-out>
  <testcase classname="Selenium_TestNG.Demo8" name="createTestCase1" time="0.002"/>
  <system-out>
    <![CDATA[CreateTestCase-1]]>
  </system-out>
  <testcase classname="Selenium_TestNG.Demo8" name="createTestCase1" time="0.002"/>
  <system-out>
    <![CDATA[CreateTestCase-1]]>
  </system-out>
  <testcase classname="Selenium_TestNG.Demo8" name="createTestCase1" time="0.002"/>
  <system-out>
    <![CDATA[CreateTestCase-1]]>
  </system-out>
  <testcase classname="Selenium_TestNG.Demo8" name="createTestCase1" time="0.003"/>
  <system-out>
    <![CDATA[CreateTestCase-1]]>
  </system-out>
  <testcase classname="Selenium_TestNG.Demo8" name="createTestCase1" time="0.003"/>
  <system-out>
    <![CDATA[CreateTestCase-1]]>
  </system-out>
  <testcase classname="Selenium_TestNG.Demo8" name="createTestCase1" time="0.001"/>
  <system-out>
    <![CDATA[CreateTestCase-1]]>
  </system-out>
  <testcase classname="Selenium_TestNG.Demo8" name="createTestCase1" time="0.003"/>
  <system-out>
    <![CDATA[CreateTestCase-1]]>
  </system-out>
  <testcase classname="Selenium_TestNG.Demo8" name="createTestCase1" time="0.002"/>
  <system-out>
    <![CDATA[CreateTestCase-1]]>
  </system-out>
  <testcase classname="Selenium_TestNG.Demo8" name="createTestCase1" time="0.014"/>
  <system-out>
    <![CDATA[CreateTestCase-1]]>
  </system-out>
  <testcase classname="Selenium_TestNG.Demo8" name="createTestCase1" time="0.003"/>
  <system-out>
    <![CDATA[CreateTestCase-1]]>
  </system-out>
  <testcase classname="Selenium_TestNG.Demo8" name="createTestCase1" time="0.005"/>
  <system-out>
    <![CDATA[CreateTestCase-1]]>
  </system-out>
  <testcase classname="Selenium_TestNG.Demo8" name="createTestCase1" time="0.003"/>
  <system-out>
    <![CDATA[CreateTestCase-1]]>
  </system-out>
  <testcase classname="Selenium_TestNG.Demo8" name="createTestCase1" time="0.045"/>
  <system-out>
    <![CDATA[CreateTestCase-1]]>
  </system-out>
  <testcase classname="Selenium_TestNG.Demo8" name="createTestCase1" time="0.002"/>
  <system-out>
    <![CDATA[CreateTestCase-1]]>
  </system-out>
  <testcase classname="Selenium_TestNG.Demo8" name="createTestCase1" time="0.002"/>
  <system-out>
    <![CDATA[CreateTestCase-1]]>
  </system-out>
  <testcase classname="Selenium_TestNG.Demo8" name="createTestCase1" time="0.017"/>
  <system-out>
    <![CDATA[CreateTestCase-1]]>
  </system-out>
  <testcase classname="Selenium_TestNG.Demo8" name="createTestCase1" time="0.005"/>
  <system-out>
    <![CDATA[CreateTestCase-1]]>
  </system-out>
  <testcase classname="Selenium_TestNG.Demo8" name="createTestCase1" time="0.002"/>
  <system-out>
    <![CDATA[CreateTestCase-1]]>
  </system-out>
  <testcase classname="Selenium_TestNG.Demo8" name="createTestCase1" time="0.002"/>
  <system-out>
    <![CDATA[CreateTestCase-1]]>
  </system-out>
  <testcase classname="Selenium_TestNG.Demo8" name="createTestCase1" time="0.002"/>
  <system-out>
    <![CDATA[CreateTestCase-1]]>
  </system-out>
  <testcase classname="Selenium_TestNG.Demo8" name="createTestCase1" time="0.002"/>
  <system-out>
    <![CDATA[CreateTestCase-1]]>
  </system-out>
  <testcase classname="Selenium_TestNG.Demo8" name="createTestCase1" time="0.002"/>
  <system-out>
    <![CDATA[CreateTestCase-1]]>
  </system-out>
  <testcase classname="Selenium_TestNG.Demo8" name="createTestCase1" time="0.002"/>
  <system-out>
    <![CDATA[CreateTestCase-1]]>
  </system-out>
  <testcase classname="Selenium_TestNG.Demo8" name="createTestCase1" time="0.003"/>
  <system-out>
    <![CDATA[CreateTestCase-1]]>
  </system-out>
  <testcase classname="Selenium_TestNG.Demo8" name="createTestCase1" time="0.003"/>
  <system-out>
    <![CDATA[CreateTestCase-1]]>
  </system-out>
  <testcase classname="Selenium_TestNG.Demo8" name="createTestCase1" time="0.094"/>
  <system-out>
    <![CDATA[CreateTestCase-1]]>
  </system-out>
  <testcase classname="Selenium_TestNG.Demo8" name="createTestCase1" time="0.041"/>
  <system-out>
    <![CDATA[CreateTestCase-1]]>
  </system-out>
  <testcase classname="Selenium_TestNG.Demo8" name="createTestCase1" time="0.002"/>
  <system-out>
    <![CDATA[CreateTestCase-1]]>
  </system-out>
  <testcase classname="Selenium_TestNG.Demo8" name="createTestCase1" time="0.002"/>
  <system-out>
    <![CDATA[CreateTestCase-1]]>
  </system-out>
  <testcase classname="Selenium_TestNG.Demo8" name="createTestCase1" time="0.007"/>
  <system-out>
    <![CDATA[CreateTestCase-1]]>
  </system-out>
  <testcase classname="Selenium_TestNG.Demo8" name="createTestCase1" time="0.001"/>
  <system-out>
    <![CDATA[CreateTestCase-1]]>
  </system-out>
  <testcase classname="Selenium_TestNG.Demo8" name="createTestCase1" time="0.003"/>
  <system-out>
    <![CDATA[CreateTestCase-1]]>
  </system-out>
  <testcase classname="Selenium_TestNG.Demo8" name="createTestCase1" time="0.002"/>
  <system-out>
    <![CDATA[CreateTestCase-1]]>
  </system-out>
  <testcase classname="Selenium_TestNG.Demo8" name="createTestCase1" time="0.002"/>
  <system-out>
    <![CDATA[CreateTestCase-1]]>
  </system-out>
  <testcase classname="Selenium_TestNG.Demo8" name="createTestCase1" time="0.001"/>
  <system-out>
    <![CDATA[CreateTestCase-1]]>
  </system-out>
  <testcase classname="Selenium_TestNG.Demo8" name="createTestCase1" time="0.002"/>
  <system-out>
    <![CDATA[CreateTestCase-1]]>
  </system-out>
  <testcase classname="Selenium_TestNG.Demo8" name="createTestCase1" time="0.003"/>
  <system-out>
    <![CDATA[CreateTestCase-1]]>
  </system-out>
  <testcase classname="Selenium_TestNG.Demo8" name="createTestCase1" time="0.003"/>
  <system-out>
    <![CDATA[CreateTestCase-1]]>
  </system-out>
  <testcase classname="Selenium_TestNG.Demo8" name="createTestCase1" time="0.002"/>
  <system-out>
    <![CDATA[CreateTestCase-1]]>
  </system-out>
  <testcase classname="Selenium_TestNG.Demo8" name="createTestCase1" time="0.003"/>
  <system-out>
    <![CDATA[CreateTestCase-1]]>
  </system-out>
  <testcase classname="Selenium_TestNG.Demo8" name="createTestCase1" time="0.002"/>
  <system-out>
    <![CDATA[CreateTestCase-1]]>
  </system-out>
  <testcase classname="Selenium_TestNG.Demo8" name="createTestCase1" time="0.001"/>
  <system-out>
    <![CDATA[CreateTestCase-1]]>
  </system-out>
  <testcase classname="Selenium_TestNG.Demo8" name="createTestCase1" time="0.002"/>
  <system-out>
    <![CDATA[CreateTestCase-1]]>
  </system-out>
  <testcase classname="Selenium_TestNG.Demo8" name="createTestCase1" time="0.002"/>
  <system-out>
    <![CDATA[CreateTestCase-1]]>
  </system-out>
  <testcase classname="Selenium_TestNG.Demo8" name="createTestCase1" time="0.002"/>
  <system-out>
    <![CDATA[CreateTestCase-1]]>
  </system-out>
  <testcase classname="Selenium_TestNG.Demo8" name="createTestCase1" time="0.002"/>
  <system-out>
    <![CDATA[CreateTestCase-1]]>
  </system-out>
  <testcase classname="Selenium_TestNG.Demo8" name="createTestCase1" time="0.004"/>
  <system-out>
    <![CDATA[CreateTestCase-1]]>
  </system-out>
  <testcase classname="Selenium_TestNG.Demo8" name="createTestCase1" time="0.002"/>
  <system-out>
    <![CDATA[CreateTestCase-1]]>
  </system-out>
  <testcase classname="Selenium_TestNG.Demo8" name="createTestCase1" time="0.001"/>
  <system-out>
    <![CDATA[CreateTestCase-1]]>
  </system-out>
  <testcase classname="Selenium_TestNG.Demo8" name="createTestCase1" time="0.001"/>
  <system-out>
    <![CDATA[CreateTestCase-1]]>
  </system-out>
  <testcase classname="Selenium_TestNG.Demo8" name="createTestCase1" time="0.002"/>
  <system-out>
    <![CDATA[CreateTestCase-1]]>
  </system-out>
  <testcase classname="Selenium_TestNG.Demo8" name="createTestCase1" time="0.002"/>
  <system-out>
    <![CDATA[CreateTestCase-1]]>
  </system-out>
  <testcase classname="Selenium_TestNG.Demo8" name="createTestCase1" time="0.003"/>
  <system-out>
    <![CDATA[CreateTestCase-1]]>
  </system-out>
  <testcase classname="Selenium_TestNG.Demo8" name="createTestCase1" time="0.005"/>
  <system-out>
    <![CDATA[CreateTestCase-1]]>
  </system-out>
  <testcase classname="Selenium_TestNG.Demo8" name="createTestCase1" time="0.002"/>
  <system-out>
    <![CDATA[CreateTestCase-1]]>
  </system-out>
  <testcase classname="Selenium_TestNG.Demo8" name="createTestCase1" time="0.003"/>
  <system-out>
    <![CDATA[CreateTestCase-1]]>
  </system-out>
  <testcase classname="Selenium_TestNG.Demo8" name="createTestCase1" time="0.002"/>
  <system-out>
    <![CDATA[CreateTestCase-1]]>
  </system-out>
  <testcase classname="Selenium_TestNG.Demo8" name="createTestCase1" time="0.005"/>
  <system-out>
    <![CDATA[CreateTestCase-1]]>
  </system-out>
  <testcase classname="Selenium_TestNG.Demo8" name="createTestCase1" time="0.061"/>
  <system-out>
    <![CDATA[CreateTestCase-1]]>
  </system-out>
  <testcase classname="Selenium_TestNG.Demo8" name="createTestCase1" time="0.012"/>
  <system-out>
    <![CDATA[CreateTestCase-1]]>
  </system-out>
  <testcase classname="Selenium_TestNG.Demo8" name="createTestCase1" time="0.003"/>
  <system-out>
    <![CDATA[CreateTestCase-1]]>
  </system-out>
  <testcase classname="Selenium_TestNG.Demo8" name="createTestCase1" time="0.002"/>
  <system-out>
    <![CDATA[CreateTestCase-1]]>
  </system-out>
  <testcase classname="Selenium_TestNG.Demo8" name="createTestCase1" time="0.002"/>
  <system-out>
    <![CDATA[CreateTestCase-1]]>
  </system-out>
  <testcase classname="Selenium_TestNG.Demo8" name="createTestCase1" time="0.001"/>
  <system-out>
    <![CDATA[CreateTestCase-1]]>
  </system-out>
  <testcase classname="Selenium_TestNG.Demo8" name="createTestCase1" time="0.001"/>
  <system-out>
    <![CDATA[CreateTestCase-1]]>
  </system-out>
  <testcase classname="Selenium_TestNG.Demo8" name="createTestCase1" time="0.003"/>
  <system-out>
    <![CDATA[CreateTestCase-1]]>
  </system-out>
  <testcase classname="Selenium_TestNG.Demo8" name="createTestCase1" time="0.002"/>
  <system-out>
    <![CDATA[CreateTestCase-1]]>
  </system-out>
  <testcase classname="Selenium_TestNG.Demo8" name="createTestCase1" time="0.003"/>
  <system-out>
    <![CDATA[CreateTestCase-1]]>
  </system-out>
  <testcase classname="Selenium_TestNG.Demo8" name="createTestCase1" time="0.003"/>
  <system-out>
    <![CDATA[CreateTestCase-1]]>
  </system-out>
  <testcase classname="Selenium_TestNG.Demo8" name="createTestCase1" time="0.003"/>
  <system-out>
    <![CDATA[CreateTestCase-1]]>
  </system-out>
  <testcase classname="Selenium_TestNG.Demo8" name="createTestCase1" time="0.002"/>
  <system-out>
    <![CDATA[CreateTestCase-1]]>
  </system-out>
  <testcase classname="Selenium_TestNG.Demo8" name="createTestCase1" time="0.002"/>
  <system-out>
    <![CDATA[CreateTestCase-1]]>
  </system-out>
  <testcase classname="Selenium_TestNG.Demo8" name="editTestCase2" time="0.003"/>
  <system-out>
    <![CDATA[EditTestCase-2]]>
  </system-out>
  <testcase classname="Selenium_TestNG.Demo8" name="editTestCase2" time="0.001"/>
  <system-out>
    <![CDATA[EditTestCase-2]]>
  </system-out>
  <testcase classname="Selenium_TestNG.Demo8" name="editTestCase2" time="0.001"/>
  <system-out>
    <![CDATA[EditTestCase-2]]>
  </system-out>
  <testcase classname="Selenium_TestNG.Demo8" name="editTestCase2" time="0.002"/>
  <system-out>
    <![CDATA[EditTestCase-2]]>
  </system-out>
  <testcase classname="Selenium_TestNG.Demo8" name="editTestCase2" time="0.001"/>
  <system-out>
    <![CDATA[EditTestCase-2]]>
  </system-out>
  <testcase classname="Selenium_TestNG.Demo8" name="editTestCase2" time="0.001"/>
  <system-out>
    <![CDATA[EditTestCase-2]]>
  </system-out>
  <testcase classname="Selenium_TestNG.Demo8" name="editTestCase2" time="0.003"/>
  <system-out>
    <![CDATA[EditTestCase-2]]>
  </system-out>
  <testcase classname="Selenium_TestNG.Demo8" name="editTestCase2" time="0.001"/>
  <system-out>
    <![CDATA[EditTestCase-2]]>
  </system-out>
  <testcase classname="Selenium_TestNG.Demo8" name="editTestCase2" time="0.002"/>
  <system-out>
    <![CDATA[EditTestCase-2]]>
  </system-out>
  <testcase classname="Selenium_TestNG.Demo8" name="editTestCase2" time="0.002"/>
  <system-out>
    <![CDATA[EditTestCase-2]]>
  </system-out>
  <testcase classname="Selenium_TestNG.Demo8" name="editTestCase2" time="0.001"/>
  <system-out>
    <![CDATA[EditTestCase-2]]>
  </system-out>
  <testcase classname="Selenium_TestNG.Demo8" name="editTestCase2" time="0.004"/>
  <system-out>
    <![CDATA[EditTestCase-2]]>
  </system-out>
  <testcase classname="Selenium_TestNG.Demo8" name="editTestCase2" time="0.001"/>
  <system-out>
    <![CDATA[EditTestCase-2]]>
  </system-out>
  <testcase classname="Selenium_TestNG.Demo8" name="editTestCase2" time="0.002"/>
  <system-out>
    <![CDATA[EditTestCase-2]]>
  </system-out>
  <testcase classname="Selenium_TestNG.Demo8" name="editTestCase2" time="0.003"/>
  <system-out>
    <![CDATA[EditTestCase-2]]>
  </system-out>
  <testcase classname="Selenium_TestNG.Demo8" name="editTestCase2" time="0.002"/>
  <system-out>
    <![CDATA[EditTestCase-2]]>
  </system-out>
  <testcase classname="Selenium_TestNG.Demo8" name="editTestCase2" time="0.004"/>
  <system-out>
    <![CDATA[EditTestCase-2]]>
  </system-out>
  <testcase classname="Selenium_TestNG.Demo8" name="editTestCase2" time="0.001"/>
  <system-out>
    <![CDATA[EditTestCase-2]]>
  </system-out>
  <testcase classname="Selenium_TestNG.Demo8" name="editTestCase2" time="0.002"/>
  <system-out>
    <![CDATA[EditTestCase-2]]>
  </system-out>
  <testcase classname="Selenium_TestNG.Demo8" name="editTestCase2" time="0.001"/>
  <system-out>
    <![CDATA[EditTestCase-2]]>
  </system-out>
  <testcase classname="Selenium_TestNG.Demo8" name="deleteTestCase3" time="0.001"/>
  <system-out>
    <![CDATA[DeleteTestCase-3]]>
  </system-out>
  <testcase classname="Selenium_TestNG.Demo8" name="deleteTestCase3" time="0.002"/>
  <system-out>
    <![CDATA[DeleteTestCase-3]]>
  </system-out>
  <testcase classname="Selenium_TestNG.Demo8" name="deleteTestCase3" time="0.004"/>
  <system-out>
    <![CDATA[DeleteTestCase-3]]>
  </system-out>
  <testcase classname="Selenium_TestNG.Demo8" name="deleteTestCase3" time="0.001"/>
  <system-out>
    <![CDATA[DeleteTestCase-3]]>
  </system-out>
  <testcase classname="Selenium_TestNG.Demo8" name="deleteTestCase3" time="0.002"/>
  <system-out>
    <![CDATA[DeleteTestCase-3]]>
  </system-out>
  <testcase classname="Selenium_TestNG.Demo8" name="deleteTestCase3" time="0.001"/>
  <system-out>
    <![CDATA[DeleteTestCase-3]]>
  </system-out>
  <testcase classname="Selenium_TestNG.Demo8" name="deleteTestCase3" time="0.002"/>
  <system-out>
    <![CDATA[DeleteTestCase-3]]>
  </system-out>
  <testcase classname="Selenium_TestNG.Demo8" name="deleteTestCase3" time="0.001"/>
  <system-out>
    <![CDATA[DeleteTestCase-3]]>
  </system-out>
  <testcase classname="Selenium_TestNG.Demo8" name="deleteTestCase3" time="0.002"/>
  <system-out>
    <![CDATA[DeleteTestCase-3]]>
  </system-out>
  <testcase classname="Selenium_TestNG.Demo8" name="deleteTestCase3" time="0.002"/>
  <system-out>
    <![CDATA[DeleteTestCase-3]]>
  </system-out>
  <testcase classname="Selenium_TestNG.Demo8" name="deleteTestCase3" time="0.003"/>
  <system-out>
    <![CDATA[DeleteTestCase-3]]>
  </system-out>
  <testcase classname="Selenium_TestNG.Demo8" name="deleteTestCase3" time="0.002"/>
  <system-out>
    <![CDATA[DeleteTestCase-3]]>
  </system-out>
  <testcase classname="Selenium_TestNG.Demo8" name="deleteTestCase3" time="0.001"/>
  <system-out>
    <![CDATA[DeleteTestCase-3]]>
  </system-out>
  <testcase classname="Selenium_TestNG.Demo8" name="deleteTestCase3" time="0.002"/>
  <system-out>
    <![CDATA[DeleteTestCase-3]]>
  </system-out>
  <testcase classname="Selenium_TestNG.Demo8" name="deleteTestCase3" time="0.003"/>
  <system-out>
    <![CDATA[DeleteTestCase-3]]>
  </system-out>
  <testcase classname="Selenium_TestNG.Demo8" name="deleteTestCase3" time="0.001"/>
  <system-out>
    <![CDATA[DeleteTestCase-3]]>
  </system-out>
  <testcase classname="Selenium_TestNG.Demo8" name="deleteTestCase3" time="0.001"/>
  <system-out>
    <![CDATA[DeleteTestCase-3]]>
  </system-out>
  <testcase classname="Selenium_TestNG.Demo8" name="deleteTestCase3" time="0.001"/>
  <system-out>
    <![CDATA[DeleteTestCase-3]]>
  </system-out>
  <testcase classname="Selenium_TestNG.Demo8" name="deleteTestCase3" time="0.001"/>
  <system-out>
    <![CDATA[DeleteTestCase-3]]>
  </system-out>
  <testcase classname="Selenium_TestNG.Demo8" name="deleteTestCase3" time="0.002"/>
  <system-out>
    <![CDATA[DeleteTestCase-3]]>
  </system-out>
  <testcase classname="Selenium_TestNG.Demo8" name="deleteTestCase3" time="0.001"/>
  <system-out>
    <![CDATA[DeleteTestCase-3]]>
  </system-out>
  <testcase classname="Selenium_TestNG.Demo8" name="deleteTestCase3" time="0.001"/>
  <system-out>
    <![CDATA[DeleteTestCase-3]]>
  </system-out>
  <testcase classname="Selenium_TestNG.Demo8" name="deleteTestCase3" time="0.001"/>
  <system-out>
    <![CDATA[DeleteTestCase-3]]>
  </system-out>
  <testcase classname="Selenium_TestNG.Demo8" name="deleteTestCase3" time="0.001"/>
  <system-out>
    <![CDATA[DeleteTestCase-3]]>
  </system-out>
  <testcase classname="Selenium_TestNG.Demo8" name="deleteTestCase3" time="0.002"/>
  <system-out>
    <![CDATA[DeleteTestCase-3]]>
  </system-out>
  <testcase classname="Selenium_TestNG.Demo8" name="deleteTestCase3" time="0.002"/>
  <system-out>
    <![CDATA[DeleteTestCase-3]]>
  </system-out>
  <testcase classname="Selenium_TestNG.Demo8" name="deleteTestCase3" time="0.001"/>
  <system-out>
    <![CDATA[DeleteTestCase-3]]>
  </system-out>
  <testcase classname="Selenium_TestNG.Demo8" name="deleteTestCase3" time="0.002"/>
  <system-out>
    <![CDATA[DeleteTestCase-3]]>
  </system-out>
  <testcase classname="Selenium_TestNG.Demo8" name="deleteTestCase3" time="0.001"/>
  <system-out>
    <![CDATA[DeleteTestCase-3]]>
  </system-out>
  <testcase classname="Selenium_TestNG.Demo8" name="deleteTestCase3" time="0.001"/>
  <system-out>
    <![CDATA[DeleteTestCase-3]]>
  </system-out>
  <testcase classname="Selenium_TestNG.Demo8" name="deleteTestCase3" time="0.001"/>
  <system-out>
    <![CDATA[DeleteTestCase-3]]>
  </system-out>
  <testcase classname="Selenium_TestNG.Demo8" name="deleteTestCase3" time="0.001"/>
  <system-out>
    <![CDATA[DeleteTestCase-3]]>
  </system-out>
  <testcase classname="Selenium_TestNG.Demo8" name="deleteTestCase3" time="0.001"/>
  <system-out>
    <![CDATA[DeleteTestCase-3]]>
  </system-out>
  <testcase classname="Selenium_TestNG.Demo8" name="deleteTestCase3" time="0.002"/>
  <system-out>
    <![CDATA[DeleteTestCase-3]]>
  </system-out>
  <testcase classname="Selenium_TestNG.Demo8" name="deleteTestCase3" time="0.001"/>
  <system-out>
    <![CDATA[DeleteTestCase-3]]>
  </system-out>
  <testcase classname="Selenium_TestNG.Demo8" name="deleteTestCase3" time="0.001"/>
  <system-out>
    <![CDATA[DeleteTestCase-3]]>
  </system-out>
  <testcase classname="Selenium_TestNG.Demo8" name="deleteTestCase3" time="0.002"/>
  <system-out>
    <![CDATA[DeleteTestCase-3]]>
  </system-out>
  <testcase classname="Selenium_TestNG.Demo8" name="deleteTestCase3" time="0.001"/>
  <system-out>
    <![CDATA[DeleteTestCase-3]]>
  </system-out>
  <testcase classname="Selenium_TestNG.Demo8" name="deleteTestCase3" time="0.001"/>
  <system-out>
    <![CDATA[DeleteTestCase-3]]>
  </system-out>
  <testcase classname="Selenium_TestNG.Demo8" name="deleteTestCase3" time="0.002"/>
  <system-out>
    <![CDATA[DeleteTestCase-3]]>
  </system-out>
  <testcase classname="Selenium_TestNG.Demo8" name="deleteTestCase3" time="0.001"/>
  <system-out>
    <![CDATA[DeleteTestCase-3]]>
  </system-out>
  <testcase classname="Selenium_TestNG.Demo8" name="deleteTestCase3" time="0.002"/>
  <system-out>
    <![CDATA[DeleteTestCase-3]]>
  </system-out>
  <testcase classname="Selenium_TestNG.Demo8" name="deleteTestCase3" time="0.002"/>
  <system-out>
    <![CDATA[DeleteTestCase-3]]>
  </system-out>
  <testcase classname="Selenium_TestNG.Demo8" name="deleteTestCase3" time="0.001"/>
  <system-out>
    <![CDATA[DeleteTestCase-3]]>
  </system-out>
  <testcase classname="Selenium_TestNG.Demo8" name="deleteTestCase3" time="0.002"/>
  <system-out>
    <![CDATA[DeleteTestCase-3]]>
  </system-out>
  <testcase classname="Selenium_TestNG.Demo8" name="deleteTestCase3" time="0.001"/>
  <system-out>
    <![CDATA[DeleteTestCase-3]]>
  </system-out>
  <testcase classname="Selenium_TestNG.Demo8" name="deleteTestCase3" time="0.001"/>
  <system-out>
    <![CDATA[DeleteTestCase-3]]>
  </system-out>
  <testcase classname="Selenium_TestNG.Demo8" name="deleteTestCase3" time="0.002"/>
  <system-out>
    <![CDATA[DeleteTestCase-3]]>
  </system-out>
  <testcase classname="Selenium_TestNG.Demo8" name="deleteTestCase3" time="0.001"/>
  <system-out>
    <![CDATA[DeleteTestCase-3]]>
  </system-out>
  <testcase classname="Selenium_TestNG.Demo8" name="deleteTestCase3" time="0.001"/>
  <system-out>
    <![CDATA[DeleteTestCase-3]]>
  </system-out>
</testsuite> <!-- Selenium_TestNG.Demo8 -->
